Reading data...
Splitting data for training and validation...
train shape:
(17117, 2)
valid shape:
(4280, 2)
train fold:
label
0      870
1     1751
2     1909
3    10526
4     2061
dtype: int64
validation fold:
label
0     217
1     438
2     477
3    2632
4     516
dtype: int64
Epoch 1 - avg_train_loss: 0.7733  avg_val_loss: 0.7019  time: 44s
Epoch 1 - Accuracy: 0.7535046728971962 - F1-score 0.7488572966765269
Epoch 1 - Save Best Accuracy: 0.7535 - Save Best F1-score: 0.7489 Model
Epoch 2 - avg_train_loss: 0.6026  avg_val_loss: 0.7693  time: 44s
Epoch 2 - Accuracy: 0.7119158878504673 - F1-score 0.7191204709011075
Epoch 3 - avg_train_loss: 0.5310  avg_val_loss: 0.8119  time: 45s
Epoch 3 - Accuracy: 0.6829439252336449 - F1-score 0.7059132284391532
Epoch 4 - avg_train_loss: 0.4715  avg_val_loss: 0.5962  time: 45s
Epoch 4 - Accuracy: 0.7866822429906543 - F1-score 0.7858070082866483
Epoch 4 - Save Best Accuracy: 0.7867 - Save Best F1-score: 0.7858 Model
Epoch 5 - avg_train_loss: 0.3942  avg_val_loss: 0.8870  time: 46s
Epoch 5 - Accuracy: 0.7796728971962616 - F1-score 0.7606182323984366
Epoch 6 - avg_train_loss: 0.3339  avg_val_loss: 0.6811  time: 47s
Epoch 6 - Accuracy: 0.7670560747663552 - F1-score 0.7715287763399068
Epoch 7 - avg_train_loss: 0.2664  avg_val_loss: 0.6817  time: 47s
Epoch 7 - Accuracy: 0.7864485981308411 - F1-score 0.7842871065049785
Epoch 8 - avg_train_loss: 0.1959  avg_val_loss: 0.9438  time: 47s
Epoch 8 - Accuracy: 0.7478971962616823 - F1-score 0.7557991608704263
Epoch 9 - avg_train_loss: 0.1528  avg_val_loss: 0.8178  time: 47s
Epoch 9 - Accuracy: 0.7754672897196262 - F1-score 0.7730884540683157
Epoch 10 - avg_train_loss: 0.1243  avg_val_loss: 0.8470  time: 47s
Epoch 10 - Accuracy: 0.7672897196261682 - F1-score 0.7731813116600078
Epoch 11 - avg_train_loss: 0.0956  avg_val_loss: 0.8636  time: 47s
Epoch 11 - Accuracy: 0.7869158878504673 - F1-score 0.7856497259729918
Epoch 12 - avg_train_loss: 0.0913  avg_val_loss: 0.8705  time: 47s
Epoch 12 - Accuracy: 0.7845794392523364 - F1-score 0.7836264068854519
Epoch 13 - avg_train_loss: 0.0694  avg_val_loss: 1.0677  time: 47s
Epoch 13 - Accuracy: 0.7925233644859813 - F1-score 0.7912824553513228
Epoch 13 - Save Best Accuracy: 0.7925 - Save Best F1-score: 0.7913 Model
Epoch 14 - avg_train_loss: 0.0737  avg_val_loss: 1.0160  time: 47s
Epoch 14 - Accuracy: 0.7906542056074767 - F1-score 0.7858445372629971
Epoch 15 - avg_train_loss: 0.0599  avg_val_loss: 1.2282  time: 47s
Epoch 15 - Accuracy: 0.7707943925233645 - F1-score 0.7661234299553722
Epoch 16 - avg_train_loss: 0.0671  avg_val_loss: 1.0337  time: 47s
Epoch 16 - Accuracy: 0.7794392523364486 - F1-score 0.7805451509240232
Epoch 17 - avg_train_loss: 0.0553  avg_val_loss: 1.1560  time: 47s
Epoch 17 - Accuracy: 0.7850467289719626 - F1-score 0.7811486782200207
Epoch 18 - avg_train_loss: 0.0516  avg_val_loss: 1.2381  time: 47s
Epoch 18 - Accuracy: 0.7831775700934579 - F1-score 0.7704515061006045
Epoch 19 - avg_train_loss: 0.0459  avg_val_loss: 1.3911  time: 47s
Epoch 19 - Accuracy: 0.7817757009345795 - F1-score 0.7759550743859038
Epoch 20 - avg_train_loss: 0.0496  avg_val_loss: 1.1017  time: 47s
Epoch 20 - Accuracy: 0.7936915887850468 - F1-score 0.7905471932617368
Epoch 21 - avg_train_loss: 0.0434  avg_val_loss: 1.2049  time: 47s
Epoch 21 - Accuracy: 0.7754672897196262 - F1-score 0.7688419070899727
Epoch 22 - avg_train_loss: 0.0398  avg_val_loss: 1.2032  time: 47s
Epoch 22 - Accuracy: 0.755607476635514 - F1-score 0.7580749846377011
Epoch 23 - avg_train_loss: 0.0433  avg_val_loss: 1.2719  time: 47s
Epoch 23 - Accuracy: 0.7796728971962616 - F1-score 0.7686340416030915
Epoch 24 - avg_train_loss: 0.0415  avg_val_loss: 1.1327  time: 47s
Epoch 24 - Accuracy: 0.777803738317757 - F1-score 0.7801904884230016
Epoch 25 - avg_train_loss: 0.0401  avg_val_loss: 1.2071  time: 47s
Epoch 25 - Accuracy: 0.7682242990654206 - F1-score 0.7589880346396038
Epoch 26 - avg_train_loss: 0.0372  avg_val_loss: 1.1588  time: 47s
Epoch 26 - Accuracy: 0.7859813084112149 - F1-score 0.7851774544827497
Epoch 27 - avg_train_loss: 0.0268  avg_val_loss: 1.3610  time: 47s
Epoch 27 - Accuracy: 0.7822429906542057 - F1-score 0.7760262585532
Epoch 28 - avg_train_loss: 0.0473  avg_val_loss: 1.2692  time: 47s
Epoch 28 - Accuracy: 0.7735981308411215 - F1-score 0.7711275184586028
Epoch 29 - avg_train_loss: 0.0399  avg_val_loss: 1.4414  time: 47s
Epoch 29 - Accuracy: 0.7649532710280373 - F1-score 0.7570426818960749
Epoch 30 - avg_train_loss: 0.0303  avg_val_loss: 1.4796  time: 47s
Epoch 30 - Accuracy: 0.7843457943925234 - F1-score 0.771868811790739
Epoch 31 - avg_train_loss: 0.0256  avg_val_loss: 1.4184  time: 47s
Epoch 31 - Accuracy: 0.7780373831775701 - F1-score 0.7669128223755833
Epoch 32 - avg_train_loss: 0.0351  avg_val_loss: 1.2559  time: 47s
Epoch 32 - Accuracy: 0.7754672897196262 - F1-score 0.7707207297096571
Epoch 33 - avg_train_loss: 0.0260  avg_val_loss: 1.4711  time: 47s
Epoch 33 - Accuracy: 0.7717289719626168 - F1-score 0.7616071764458423
Epoch 34 - avg_train_loss: 0.0299  avg_val_loss: 1.2712  time: 47s
Epoch 34 - Accuracy: 0.7878504672897196 - F1-score 0.7819954031547878
Epoch 35 - avg_train_loss: 0.0274  avg_val_loss: 1.2360  time: 48s
Epoch 35 - Accuracy: 0.7684579439252337 - F1-score 0.7715038733127764
Epoch 36 - avg_train_loss: 0.0241  avg_val_loss: 1.3238  time: 47s
Epoch 36 - Accuracy: 0.791588785046729 - F1-score 0.7910804884658876
Epoch 37 - avg_train_loss: 0.0241  avg_val_loss: 1.4400  time: 47s
Epoch 37 - Accuracy: 0.7876168224299065 - F1-score 0.7808610778854393
Epoch 38 - avg_train_loss: 0.0269  avg_val_loss: 1.5126  time: 47s
Epoch 38 - Accuracy: 0.7866822429906543 - F1-score 0.7792028080300871
Epoch 39 - avg_train_loss: 0.0315  avg_val_loss: 1.3446  time: 47s
Epoch 39 - Accuracy: 0.7579439252336448 - F1-score 0.7588165066894003
Epoch 40 - avg_train_loss: 0.0272  avg_val_loss: 1.3834  time: 48s
Epoch 40 - Accuracy: 0.7871495327102803 - F1-score 0.7831367847396716
Epoch 41 - avg_train_loss: 0.0163  avg_val_loss: 1.4074  time: 47s
Epoch 41 - Accuracy: 0.7633177570093458 - F1-score 0.7668368081204654
Epoch 42 - avg_train_loss: 0.0271  avg_val_loss: 1.5268  time: 48s
Epoch 42 - Accuracy: 0.7815420560747663 - F1-score 0.7738044565929753
Epoch 43 - avg_train_loss: 0.0239  avg_val_loss: 1.5914  time: 47s
Epoch 43 - Accuracy: 0.777803738317757 - F1-score 0.7669577213007092
Epoch 44 - avg_train_loss: 0.0219  avg_val_loss: 1.5402  time: 47s
Epoch 44 - Accuracy: 0.7836448598130841 - F1-score 0.7798405392055254
Epoch 45 - avg_train_loss: 0.0238  avg_val_loss: 1.3654  time: 47s
Epoch 45 - Accuracy: 0.7801401869158878 - F1-score 0.7788146919887883
Epoch 46 - avg_train_loss: 0.0137  avg_val_loss: 1.6101  time: 48s
Epoch 46 - Accuracy: 0.7560747663551401 - F1-score 0.7577911020713046
Epoch 47 - avg_train_loss: 0.0232  avg_val_loss: 1.4291  time: 48s
Epoch 47 - Accuracy: 0.7838785046728972 - F1-score 0.7811358266431451
Epoch 48 - avg_train_loss: 0.0181  avg_val_loss: 1.5407  time: 48s
Epoch 48 - Accuracy: 0.7841121495327102 - F1-score 0.7789043449185257
Epoch 49 - avg_train_loss: 0.0237  avg_val_loss: 1.5350  time: 48s
Epoch 49 - Accuracy: 0.7838785046728972 - F1-score 0.7768511572308705
Epoch 50 - avg_train_loss: 0.0232  avg_val_loss: 1.4676  time: 47s
Epoch 50 - Accuracy: 0.7782710280373831 - F1-score 0.7732466498246424
