Reading data...
Splitting data for training and validation...
train shape:
(17117, 2)
valid shape:
(4280, 2)
train fold:
label
0      870
1     1751
2     1909
3    10526
4     2061
dtype: int64
validation fold:
label
0     217
1     438
2     477
3    2632
4     516
dtype: int64
Epoch 1 - avg_train_loss: 0.7773             avg_val_loss: 0.7434  time: 63s
Epoch 1 - Accuracy: 0.7182242990654205 - F1-score 0.6851713591989337
Epoch 1 - Save Best Accuracy: 0.7182 -                 Save Best F1-score: 0.6852 Model
Epoch 2 - avg_train_loss: 0.5956             avg_val_loss: 0.6301  time: 64s
Epoch 2 - Accuracy: 0.7707943925233645 - F1-score 0.7759307058542712
Epoch 2 - Save Best Accuracy: 0.7708 -                 Save Best F1-score: 0.7759 Model
Epoch 3 - avg_train_loss: 0.5210             avg_val_loss: 0.5961  time: 65s
Epoch 3 - Accuracy: 0.7894859813084112 - F1-score 0.7797250183217873
Epoch 3 - Save Best Accuracy: 0.7895 -                 Save Best F1-score: 0.7797 Model
Epoch 4 - avg_train_loss: 0.4543             avg_val_loss: 0.6293  time: 65s
Epoch 4 - Accuracy: 0.7689252336448598 - F1-score 0.7734951249726741
Epoch 5 - avg_train_loss: 0.3878             avg_val_loss: 0.6747  time: 65s
Epoch 5 - Accuracy: 0.7586448598130842 - F1-score 0.7581828586068362
Epoch 6 - avg_train_loss: 0.3169             avg_val_loss: 0.5876  time: 66s
Epoch 6 - Accuracy: 0.8133177570093458 - F1-score 0.8087099291438908
Epoch 6 - Save Best Accuracy: 0.8133 -                 Save Best F1-score: 0.8087 Model
Epoch 7 - avg_train_loss: 0.2655             avg_val_loss: 0.6298  time: 65s
Epoch 7 - Accuracy: 0.7953271028037383 - F1-score 0.7987903444230433
Epoch 8 - avg_train_loss: 0.1975             avg_val_loss: 0.6744  time: 66s
Epoch 8 - Accuracy: 0.8021028037383178 - F1-score 0.7948907120950828
Epoch 9 - avg_train_loss: 0.1310             avg_val_loss: 0.7698  time: 66s
Epoch 9 - Accuracy: 0.7885514018691588 - F1-score 0.7858219476693229
Epoch 10 - avg_train_loss: 0.1157             avg_val_loss: 0.8291  time: 66s
Epoch 10 - Accuracy: 0.7841121495327102 - F1-score 0.7892223691787875
Epoch 11 - avg_train_loss: 0.0934             avg_val_loss: 0.7550  time: 65s
Epoch 11 - Accuracy: 0.797429906542056 - F1-score 0.7976975271393251
Epoch 12 - avg_train_loss: 0.0701             avg_val_loss: 0.9352  time: 66s
Epoch 12 - Accuracy: 0.7911214953271029 - F1-score 0.7921825819135668
Epoch 13 - avg_train_loss: 0.0653             avg_val_loss: 0.8821  time: 66s
Epoch 13 - Accuracy: 0.8016355140186916 - F1-score 0.7988612018386988
Epoch 14 - avg_train_loss: 0.0548             avg_val_loss: 0.9495  time: 66s
Epoch 14 - Accuracy: 0.8042056074766355 - F1-score 0.7968489078141658
Epoch 15 - avg_train_loss: 0.0581             avg_val_loss: 0.9929  time: 67s
Epoch 15 - Accuracy: 0.8060747663551402 - F1-score 0.7967128843056238
Epoch 16 - avg_train_loss: 0.0562             avg_val_loss: 0.9063  time: 67s
Epoch 16 - Accuracy: 0.7950934579439253 - F1-score 0.7967099552585792
Epoch 17 - avg_train_loss: 0.0427             avg_val_loss: 1.0514  time: 67s
Epoch 17 - Accuracy: 0.7838785046728972 - F1-score 0.7833461436635022
Epoch 18 - avg_train_loss: 0.0487             avg_val_loss: 1.0145  time: 67s
Epoch 18 - Accuracy: 0.7855140186915888 - F1-score 0.7909339175887888
Epoch 19 - avg_train_loss: 0.0357             avg_val_loss: 1.1006  time: 68s
Epoch 19 - Accuracy: 0.7775700934579439 - F1-score 0.7770914277916475
Epoch 20 - avg_train_loss: 0.0436             avg_val_loss: 1.2019  time: 67s
Epoch 20 - Accuracy: 0.7981308411214953 - F1-score 0.7857457696438277
Epoch 21 - avg_train_loss: 0.0483             avg_val_loss: 1.0966  time: 68s
Epoch 21 - Accuracy: 0.7768691588785047 - F1-score 0.7755253613368325
Epoch 22 - avg_train_loss: 0.0230             avg_val_loss: 1.2027  time: 67s
Epoch 22 - Accuracy: 0.7873831775700935 - F1-score 0.7857165406078968
Epoch 23 - avg_train_loss: 0.0409             avg_val_loss: 1.3248  time: 67s
Epoch 23 - Accuracy: 0.7862149532710281 - F1-score 0.7687980492711219
Epoch 24 - avg_train_loss: 0.0281             avg_val_loss: 1.1877  time: 69s
Epoch 24 - Accuracy: 0.7591121495327103 - F1-score 0.7692367123192475
Epoch 25 - avg_train_loss: 0.0350             avg_val_loss: 1.3351  time: 67s
Epoch 25 - Accuracy: 0.7922897196261682 - F1-score 0.7825274824680268
Epoch 26 - avg_train_loss: 0.0349             avg_val_loss: 1.0752  time: 67s
Epoch 26 - Accuracy: 0.7927570093457944 - F1-score 0.7889557072034306
Epoch 27 - avg_train_loss: 0.0238             avg_val_loss: 1.1900  time: 67s
Epoch 27 - Accuracy: 0.802570093457944 - F1-score 0.8005254570390127
Epoch 28 - avg_train_loss: 0.0358             avg_val_loss: 1.2370  time: 67s
Epoch 28 - Accuracy: 0.7675233644859814 - F1-score 0.7733755353301394
Epoch 29 - avg_train_loss: 0.0199             avg_val_loss: 1.1500  time: 67s
Epoch 29 - Accuracy: 0.8011682242990654 - F1-score 0.7958614428470708
Epoch 30 - avg_train_loss: 0.0285             avg_val_loss: 1.1046  time: 67s
Epoch 30 - Accuracy: 0.7955607476635514 - F1-score 0.7910251204092227
Epoch 31 - avg_train_loss: 0.0194             avg_val_loss: 1.2598  time: 67s
Epoch 31 - Accuracy: 0.7871495327102803 - F1-score 0.7809078694746712
Epoch 32 - avg_train_loss: 0.0252             avg_val_loss: 1.2897  time: 67s
Epoch 32 - Accuracy: 0.7831775700934579 - F1-score 0.7723808704037917
Epoch 33 - avg_train_loss: 0.0226             avg_val_loss: 1.1656  time: 67s
Epoch 33 - Accuracy: 0.8002336448598131 - F1-score 0.7975174332517955
Epoch 34 - avg_train_loss: 0.0213             avg_val_loss: 1.2123  time: 67s
Epoch 34 - Accuracy: 0.7841121495327102 - F1-score 0.7827884061358487
Epoch 35 - avg_train_loss: 0.0170             avg_val_loss: 1.3778  time: 67s
Epoch 35 - Accuracy: 0.7911214953271029 - F1-score 0.7799631354410809
Epoch 36 - avg_train_loss: 0.0333             avg_val_loss: 1.2058  time: 67s
Epoch 36 - Accuracy: 0.7829439252336449 - F1-score 0.7797103716441405
Epoch 37 - avg_train_loss: 0.0138             avg_val_loss: 1.1991  time: 70s
Epoch 37 - Accuracy: 0.8037383177570093 - F1-score 0.805374971206132
Epoch 38 - avg_train_loss: 0.0131             avg_val_loss: 1.3520  time: 67s
Epoch 38 - Accuracy: 0.744392523364486 - F1-score 0.7544000690210507
Epoch 39 - avg_train_loss: 0.0340             avg_val_loss: 1.1745  time: 67s
Epoch 39 - Accuracy: 0.7929906542056074 - F1-score 0.7863063135196513
Epoch 40 - avg_train_loss: 0.0199             avg_val_loss: 1.1983  time: 67s
Epoch 40 - Accuracy: 0.7866822429906543 - F1-score 0.7822427095001857
Epoch 41 - avg_train_loss: 0.0111             avg_val_loss: 1.3717  time: 67s
Epoch 41 - Accuracy: 0.797429906542056 - F1-score 0.790941300382798
Epoch 42 - avg_train_loss: 0.0206             avg_val_loss: 1.2398  time: 67s
Epoch 42 - Accuracy: 0.7908878504672897 - F1-score 0.7870861317489684
Epoch 43 - avg_train_loss: 0.0187             avg_val_loss: 1.2473  time: 67s
Epoch 43 - Accuracy: 0.7724299065420561 - F1-score 0.7753343848021297
Epoch 44 - avg_train_loss: 0.0191             avg_val_loss: 1.3132  time: 67s
Epoch 44 - Accuracy: 0.7780373831775701 - F1-score 0.7813603985967615
Epoch 45 - avg_train_loss: 0.0207             avg_val_loss: 1.3798  time: 67s
Epoch 45 - Accuracy: 0.780373831775701 - F1-score 0.7767934634573131
Epoch 46 - avg_train_loss: 0.0093             avg_val_loss: 1.3996  time: 67s
Epoch 46 - Accuracy: 0.7897196261682243 - F1-score 0.7841468098209015
Epoch 47 - avg_train_loss: 0.0118             avg_val_loss: 1.3389  time: 67s
Epoch 47 - Accuracy: 0.7757009345794392 - F1-score 0.7722773559517145
Epoch 48 - avg_train_loss: 0.0187             avg_val_loss: 1.2598  time: 67s
Epoch 48 - Accuracy: 0.7894859813084112 - F1-score 0.7886821613222792
Epoch 49 - avg_train_loss: 0.0141             avg_val_loss: 1.3860  time: 67s
Epoch 49 - Accuracy: 0.788785046728972 - F1-score 0.7829132552081075
Epoch 50 - avg_train_loss: 0.0201             avg_val_loss: 1.2278  time: 69s
Epoch 50 - Accuracy: 0.7904205607476635 - F1-score 0.7922528406673736
AFTER TRAINING: Best Accuracy: 0.8133 -                 Best F1-score: 0.8087
