Reading data...
Splitting data for training and validation...
train shape:
(17117, 2)
valid shape:
(4280, 2)
train fold:
label
0      870
1     1751
2     1909
3    10526
4     2061
dtype: int64
validation fold:
label
0     217
1     438
2     477
3    2632
4     516
dtype: int64
Model name efficientnet_b3a
Batch size 32
Input size 384
Enabling mixed precision for training...
Epoch 1 - avg_train_loss: 0.5076             avg_val_loss: 0.4287  time: 176s
Epoch 1 - Accuracy: 0.8614485981308411 - F1-score 0.8607873892585716
Epoch 1 - Save Best Accuracy: 0.8614 -                 Save Best F1-score: 0.8608 Model
Number of bad epochs 0
Epoch 2 - avg_train_loss: 0.3691             avg_val_loss: 0.4775  time: 181s
Epoch 2 - Accuracy: 0.8317757009345794 - F1-score 0.8363210085282728
Number of bad epochs 1
Epoch 3 - avg_train_loss: 0.2868             avg_val_loss: 0.4371  time: 183s
Epoch 3 - Accuracy: 0.8537383177570094 - F1-score 0.8536843332882196
Number of bad epochs 2
Epoch 4 - avg_train_loss: 0.2126             avg_val_loss: 0.4777  time: 183s
Epoch 4 - Accuracy: 0.8558411214953271 - F1-score 0.8566223616811247
Number of bad epochs 3
Epoch 5 - avg_train_loss: 0.1697             avg_val_loss: 0.5264  time: 184s
Epoch 5 - Accuracy: 0.8455607476635514 - F1-score 0.8474862045422468
Number of bad epochs 4
Epoch 6 - avg_train_loss: 0.1243             avg_val_loss: 0.6904  time: 184s
Epoch 6 - Accuracy: 0.8427570093457943 - F1-score 0.8385427104632673
Number of bad epochs 5
Epoch 7 - avg_train_loss: 0.1076             avg_val_loss: 0.6830  time: 184s
Epoch 7 - Accuracy: 0.827803738317757 - F1-score 0.834500319101716
Number of bad epochs 6
Epoch 8 - avg_train_loss: 0.0819             avg_val_loss: 0.6936  time: 183s
Epoch 8 - Accuracy: 0.8476635514018691 - F1-score 0.847198911796652
Number of bad epochs 7
Epoch 9 - avg_train_loss: 0.0827             avg_val_loss: 0.6770  time: 184s
Epoch 9 - Accuracy: 0.8521028037383177 - F1-score 0.8542659739719851
Number of bad epochs 8
Epoch 10 - avg_train_loss: 0.0663             avg_val_loss: 0.7996  time: 184s
Epoch 10 - Accuracy: 0.8439252336448598 - F1-score 0.8377283044845242
Number of bad epochs 9
Epoch 11 - avg_train_loss: 0.0632             avg_val_loss: 0.7456  time: 184s
Epoch 11 - Accuracy: 0.8521028037383177 - F1-score 0.8460448471337108
Number of bad epochs 10
Epoch 12 - avg_train_loss: 0.0646             avg_val_loss: 0.7286  time: 184s
Epoch 12 - Accuracy: 0.8537383177570094 - F1-score 0.8508704501515291
Number of bad epochs 11
Stop the training, since the score has not improved for 10 epochs!
AFTER TRAINING: Epoch 1: Best Accuracy: 0.8614 -                 Best F1-score: 0.8608
