Reading data...
Splitting data for training and validation...
train shape:
(17117, 2)
valid shape:
(4280, 2)
train fold:
label
0      870
1     1751
2     1909
3    10526
4     2061
dtype: int64
validation fold:
label
0     217
1     438
2     477
3    2632
4     516
dtype: int64
Epoch 1 - avg_train_loss: 0.7153  avg_val_loss: 0.6231  time: 146s
Epoch 1 - Accuracy: 0.775 - F1-score 0.766415982154686
Epoch 1 - Save Best Accuracy: 0.7750 - Save Best F1-score: 0.7664 Model
Epoch 2 - avg_train_loss: 0.5562  avg_val_loss: 0.5649  time: 152s
Epoch 2 - Accuracy: 0.7969626168224299 - F1-score 0.8010896232333016
Epoch 2 - Save Best Accuracy: 0.7970 - Save Best F1-score: 0.8011 Model
Epoch 3 - avg_train_loss: 0.5005  avg_val_loss: 0.5742  time: 155s
Epoch 3 - Accuracy: 0.8098130841121496 - F1-score 0.8041590355884054
Epoch 3 - Save Best Accuracy: 0.8098 - Save Best F1-score: 0.8042 Model
Epoch 4 - avg_train_loss: 0.4406  avg_val_loss: 0.5284  time: 155s
Epoch 4 - Accuracy: 0.8203271028037383 - F1-score 0.8204934557211602
Epoch 4 - Save Best Accuracy: 0.8203 - Save Best F1-score: 0.8205 Model
Epoch 5 - avg_train_loss: 0.4178  avg_val_loss: 0.5080  time: 155s
Epoch 5 - Accuracy: 0.8259345794392523 - F1-score 0.8265872740104263
Epoch 5 - Save Best Accuracy: 0.8259 - Save Best F1-score: 0.8266 Model
Epoch 6 - avg_train_loss: 0.3732  avg_val_loss: 0.6009  time: 155s
Epoch 6 - Accuracy: 0.7957943925233645 - F1-score 0.7967053144642989
Epoch 7 - avg_train_loss: 0.3274  avg_val_loss: 0.5434  time: 155s
Epoch 7 - Accuracy: 0.8205607476635514 - F1-score 0.8225209357927464
Epoch 8 - avg_train_loss: 0.2986  avg_val_loss: 0.5279  time: 155s
Epoch 8 - Accuracy: 0.836214953271028 - F1-score 0.8308189733188488
Epoch 8 - Save Best Accuracy: 0.8362 - Save Best F1-score: 0.8308 Model
Epoch 9 - avg_train_loss: 0.2379  avg_val_loss: 0.5452  time: 156s
Epoch 9 - Accuracy: 0.8310747663551402 - F1-score 0.8316510274500764
Epoch 10 - avg_train_loss: 0.1963  avg_val_loss: 0.6644  time: 155s
Epoch 10 - Accuracy: 0.8186915887850468 - F1-score 0.813815320597063
Epoch 11 - avg_train_loss: 0.1612  avg_val_loss: 0.6970  time: 156s
Epoch 11 - Accuracy: 0.8002336448598131 - F1-score 0.805658733653843
Epoch 12 - avg_train_loss: 0.1431  avg_val_loss: 0.8787  time: 156s
Epoch 12 - Accuracy: 0.7607476635514019 - F1-score 0.7751231462807949
Epoch 13 - avg_train_loss: 0.1191  avg_val_loss: 0.7435  time: 155s
Epoch 13 - Accuracy: 0.8156542056074766 - F1-score 0.8113277225103614
Epoch 14 - avg_train_loss: 0.0963  avg_val_loss: 0.8109  time: 155s
Epoch 14 - Accuracy: 0.8023364485981308 - F1-score 0.7942715728646279
Epoch 15 - avg_train_loss: 0.0992  avg_val_loss: 0.7845  time: 155s
Epoch 15 - Accuracy: 0.8261682242990654 - F1-score 0.8243173864532688
Epoch 16 - avg_train_loss: 0.0769  avg_val_loss: 0.8784  time: 156s
Epoch 16 - Accuracy: 0.7920560747663551 - F1-score 0.7940856575332443
Epoch 17 - avg_train_loss: 0.0837  avg_val_loss: 0.8149  time: 156s
Epoch 17 - Accuracy: 0.8030373831775701 - F1-score 0.8063884396943748
Epoch 18 - avg_train_loss: 0.0685  avg_val_loss: 0.9529  time: 155s
Epoch 18 - Accuracy: 0.8168224299065421 - F1-score 0.8132370701971738
Epoch 19 - avg_train_loss: 0.0717  avg_val_loss: 0.9801  time: 156s
Epoch 19 - Accuracy: 0.822196261682243 - F1-score 0.815964547687094
Epoch 20 - avg_train_loss: 0.0562  avg_val_loss: 0.9363  time: 156s
Epoch 20 - Accuracy: 0.822429906542056 - F1-score 0.823829712013272
Epoch 21 - avg_train_loss: 0.0693  avg_val_loss: 0.9045  time: 156s
Epoch 21 - Accuracy: 0.8130841121495327 - F1-score 0.8056750335486722
Epoch 22 - avg_train_loss: 0.0480  avg_val_loss: 0.9521  time: 156s
Epoch 22 - Accuracy: 0.8079439252336449 - F1-score 0.8082856891486396
Epoch 23 - avg_train_loss: 0.0489  avg_val_loss: 0.9676  time: 156s
Epoch 23 - Accuracy: 0.7894859813084112 - F1-score 0.7956840124786659
Epoch 24 - avg_train_loss: 0.0520  avg_val_loss: 1.0065  time: 156s
Epoch 24 - Accuracy: 0.8114485981308411 - F1-score 0.8065371775937059
Epoch 25 - avg_train_loss: 0.0661  avg_val_loss: 0.9579  time: 156s
Epoch 25 - Accuracy: 0.8 - F1-score 0.798941602894692
Epoch 26 - avg_train_loss: 0.0326  avg_val_loss: 1.2342  time: 155s
Epoch 26 - Accuracy: 0.7700934579439253 - F1-score 0.7746726664090194
Epoch 27 - avg_train_loss: 0.0501  avg_val_loss: 0.9366  time: 156s
Epoch 27 - Accuracy: 0.819626168224299 - F1-score 0.8175235711125052
Epoch 28 - avg_train_loss: 0.0381  avg_val_loss: 0.9607  time: 156s
Epoch 28 - Accuracy: 0.8142523364485982 - F1-score 0.8111974121908341
Epoch 29 - avg_train_loss: 0.0341  avg_val_loss: 0.9887  time: 156s
Epoch 29 - Accuracy: 0.8264018691588785 - F1-score 0.8263517086104115
Epoch 30 - avg_train_loss: 0.0414  avg_val_loss: 1.0847  time: 156s
Epoch 30 - Accuracy: 0.8142523364485982 - F1-score 0.8162586407403228
Epoch 31 - avg_train_loss: 0.0665  avg_val_loss: 0.8696  time: 156s
Epoch 31 - Accuracy: 0.819158878504673 - F1-score 0.8178327475449367
Epoch 32 - avg_train_loss: 0.0215  avg_val_loss: 1.0150  time: 155s
Epoch 32 - Accuracy: 0.8257009345794393 - F1-score 0.8228456665268589
Epoch 33 - avg_train_loss: 0.0373  avg_val_loss: 0.9952  time: 155s
Epoch 33 - Accuracy: 0.814018691588785 - F1-score 0.8113207743485125
Epoch 34 - avg_train_loss: 0.0278  avg_val_loss: 1.1067  time: 156s
Epoch 34 - Accuracy: 0.7967289719626168 - F1-score 0.7949714761181386
Epoch 35 - avg_train_loss: 0.0345  avg_val_loss: 1.1323  time: 156s
Epoch 35 - Accuracy: 0.819626168224299 - F1-score 0.8154954292863089
Epoch 36 - avg_train_loss: 0.0375  avg_val_loss: 1.0035  time: 156s
Epoch 36 - Accuracy: 0.8070093457943925 - F1-score 0.8070226391182274
Epoch 37 - avg_train_loss: 0.0331  avg_val_loss: 1.0558  time: 156s
Epoch 37 - Accuracy: 0.8128504672897197 - F1-score 0.8079737777532442
Epoch 38 - avg_train_loss: 0.0328  avg_val_loss: 1.1889  time: 156s
Epoch 38 - Accuracy: 0.8102803738317756 - F1-score 0.8072369855452263
Epoch 39 - avg_train_loss: 0.0305  avg_val_loss: 1.0492  time: 155s
Epoch 39 - Accuracy: 0.8207943925233645 - F1-score 0.8150815010346256
Epoch 40 - avg_train_loss: 0.0192  avg_val_loss: 1.1483  time: 156s
Epoch 40 - Accuracy: 0.8044392523364486 - F1-score 0.8023682440959431
Epoch 41 - avg_train_loss: 0.0283  avg_val_loss: 1.1045  time: 156s
Epoch 41 - Accuracy: 0.8170560747663551 - F1-score 0.8114050247843566
Epoch 42 - avg_train_loss: 0.0319  avg_val_loss: 1.1464  time: 156s
Epoch 42 - Accuracy: 0.8163551401869159 - F1-score 0.8087759167954756
Epoch 43 - avg_train_loss: 0.0342  avg_val_loss: 1.0537  time: 156s
Epoch 43 - Accuracy: 0.8261682242990654 - F1-score 0.820837908036975
Epoch 44 - avg_train_loss: 0.0358  avg_val_loss: 1.1170  time: 156s
Epoch 44 - Accuracy: 0.8235981308411215 - F1-score 0.820070363172994
Epoch 45 - avg_train_loss: 0.0152  avg_val_loss: 1.1335  time: 156s
Epoch 45 - Accuracy: 0.813785046728972 - F1-score 0.8125834012848323
Epoch 46 - avg_train_loss: 0.0251  avg_val_loss: 1.2179  time: 155s
Epoch 46 - Accuracy: 0.8098130841121496 - F1-score 0.8044345745666259
Epoch 47 - avg_train_loss: 0.0353  avg_val_loss: 1.1529  time: 156s
Epoch 47 - Accuracy: 0.819626168224299 - F1-score 0.8157450251805068
Epoch 48 - avg_train_loss: 0.0133  avg_val_loss: 1.1496  time: 156s
Epoch 48 - Accuracy: 0.8186915887850468 - F1-score 0.8185150914193288
Epoch 49 - avg_train_loss: 0.0241  avg_val_loss: 1.0890  time: 156s
Epoch 49 - Accuracy: 0.8301401869158879 - F1-score 0.8275384887111313
Epoch 50 - avg_train_loss: 0.0253  avg_val_loss: 1.2228  time: 156s
Epoch 50 - Accuracy: 0.8044392523364486 - F1-score 0.8037710582878349
Epoch 51 - avg_train_loss: 0.0461  avg_val_loss: 0.9705  time: 155s
Epoch 51 - Accuracy: 0.8238317757009346 - F1-score 0.8229263971697882
Epoch 52 - avg_train_loss: 0.0167  avg_val_loss: 1.1637  time: 156s
Epoch 52 - Accuracy: 0.8235981308411215 - F1-score 0.8209077258117605
Epoch 53 - avg_train_loss: 0.0156  avg_val_loss: 1.1395  time: 156s
Epoch 53 - Accuracy: 0.822429906542056 - F1-score 0.8160342794407538
Epoch 54 - avg_train_loss: 0.0170  avg_val_loss: 1.2565  time: 156s
Epoch 54 - Accuracy: 0.8079439252336449 - F1-score 0.8092203813462141
Epoch 55 - avg_train_loss: 0.0315  avg_val_loss: 1.1840  time: 156s
Epoch 55 - Accuracy: 0.8149532710280374 - F1-score 0.8097787849132656
Epoch 56 - avg_train_loss: 0.0411  avg_val_loss: 1.0166  time: 156s
Epoch 56 - Accuracy: 0.8156542056074766 - F1-score 0.8145375194287423
Epoch 57 - avg_train_loss: 0.0078  avg_val_loss: 1.1030  time: 156s
Epoch 57 - Accuracy: 0.8261682242990654 - F1-score 0.8229773955314725
Epoch 58 - avg_train_loss: 0.0062  avg_val_loss: 1.3196  time: 156s
Epoch 58 - Accuracy: 0.8161214953271028 - F1-score 0.8138029489053568
Epoch 59 - avg_train_loss: 0.0087  avg_val_loss: 1.4242  time: 156s
Epoch 59 - Accuracy: 0.8235981308411215 - F1-score 0.8182894954279339
Epoch 60 - avg_train_loss: 0.0334  avg_val_loss: 1.1341  time: 156s
Epoch 60 - Accuracy: 0.8072429906542056 - F1-score 0.8068011387722285
Epoch 61 - avg_train_loss: 0.1041  avg_val_loss: 1.0393  time: 156s
Epoch 61 - Accuracy: 0.7957943925233645 - F1-score 0.7966056260037889
Epoch 62 - avg_train_loss: 0.0231  avg_val_loss: 1.0272  time: 156s
Epoch 62 - Accuracy: 0.8158878504672897 - F1-score 0.8165937977928117
Epoch 63 - avg_train_loss: 0.0087  avg_val_loss: 1.2041  time: 156s
Epoch 63 - Accuracy: 0.8098130841121496 - F1-score 0.8106593761344638
Epoch 64 - avg_train_loss: 0.0062  avg_val_loss: 1.1747  time: 156s
Epoch 64 - Accuracy: 0.8163551401869159 - F1-score 0.8149919265055096
Epoch 65 - avg_train_loss: 0.0152  avg_val_loss: 1.1340  time: 156s
Epoch 65 - Accuracy: 0.8212616822429907 - F1-score 0.8197192419330388
Epoch 66 - avg_train_loss: 0.0163  avg_val_loss: 1.3050  time: 156s
Epoch 66 - Accuracy: 0.8172897196261683 - F1-score 0.8120600588022314
Epoch 67 - avg_train_loss: 0.0141  avg_val_loss: 1.2530  time: 156s
Epoch 67 - Accuracy: 0.8163551401869159 - F1-score 0.8103367146017588
Epoch 68 - avg_train_loss: 0.0181  avg_val_loss: 1.3076  time: 157s
Epoch 68 - Accuracy: 0.8135514018691589 - F1-score 0.8087286906694907
Epoch 69 - avg_train_loss: 0.0367  avg_val_loss: 1.1343  time: 156s
Epoch 69 - Accuracy: 0.8151869158878504 - F1-score 0.8103339309513773
Epoch 70 - avg_train_loss: 0.0132  avg_val_loss: 1.1471  time: 156s
Epoch 70 - Accuracy: 0.8156542056074766 - F1-score 0.8143727832695622
Epoch 71 - avg_train_loss: 0.0050  avg_val_loss: 1.2251  time: 156s
Epoch 71 - Accuracy: 0.8158878504672897 - F1-score 0.8122309009244333
Epoch 72 - avg_train_loss: 0.0111  avg_val_loss: 1.2333  time: 156s
Epoch 72 - Accuracy: 0.8168224299065421 - F1-score 0.8123158456467112
Epoch 73 - avg_train_loss: 0.0256  avg_val_loss: 1.1053  time: 156s
Epoch 73 - Accuracy: 0.8172897196261683 - F1-score 0.8122278564419135
Epoch 74 - avg_train_loss: 0.0274  avg_val_loss: 1.3388  time: 156s
Epoch 74 - Accuracy: 0.8126168224299065 - F1-score 0.807555698717974
Epoch 75 - avg_train_loss: 0.0120  avg_val_loss: 1.3159  time: 156s
Epoch 75 - Accuracy: 0.8051401869158878 - F1-score 0.7942342652336709
Epoch 76 - avg_train_loss: 0.0086  avg_val_loss: 1.2553  time: 156s
Epoch 76 - Accuracy: 0.8271028037383178 - F1-score 0.8217412957589978
Epoch 77 - avg_train_loss: 0.0181  avg_val_loss: 1.2687  time: 156s
Epoch 77 - Accuracy: 0.8 - F1-score 0.7992241787648426
Epoch 78 - avg_train_loss: 0.0182  avg_val_loss: 1.2184  time: 156s
Epoch 78 - Accuracy: 0.8100467289719626 - F1-score 0.8082393636119414
Epoch 79 - avg_train_loss: 0.0182  avg_val_loss: 1.1199  time: 156s
Epoch 79 - Accuracy: 0.8144859813084112 - F1-score 0.8151907769136035
Epoch 80 - avg_train_loss: 0.0111  avg_val_loss: 1.4432  time: 156s
Epoch 80 - Accuracy: 0.7985981308411215 - F1-score 0.7928166155131137
Epoch 81 - avg_train_loss: 0.0166  avg_val_loss: 1.3037  time: 156s
Epoch 81 - Accuracy: 0.8121495327102803 - F1-score 0.8082650274749247
Epoch 82 - avg_train_loss: 0.0158  avg_val_loss: 1.2354  time: 156s
Epoch 82 - Accuracy: 0.8242990654205608 - F1-score 0.8186298659870975
Epoch 83 - avg_train_loss: 0.0108  avg_val_loss: 1.2673  time: 156s
Epoch 83 - Accuracy: 0.8165887850467289 - F1-score 0.8117955047291137
Epoch 84 - avg_train_loss: 0.0280  avg_val_loss: 1.2831  time: 156s
Epoch 84 - Accuracy: 0.8079439252336449 - F1-score 0.8012693950711123
Epoch 85 - avg_train_loss: 0.0116  avg_val_loss: 1.2451  time: 156s
Epoch 85 - Accuracy: 0.8121495327102803 - F1-score 0.809738740851166
Epoch 86 - avg_train_loss: 0.0038  avg_val_loss: 1.3220  time: 156s
Epoch 86 - Accuracy: 0.8217289719626168 - F1-score 0.8173806884192872
Epoch 87 - avg_train_loss: 0.0035  avg_val_loss: 1.5604  time: 156s
Epoch 87 - Accuracy: 0.8072429906542056 - F1-score 0.8001115295269579
Epoch 88 - avg_train_loss: 0.0336  avg_val_loss: 1.1486  time: 156s
Epoch 88 - Accuracy: 0.8100467289719626 - F1-score 0.8082414715673004
Epoch 89 - avg_train_loss: 0.0123  avg_val_loss: 1.2873  time: 156s
Epoch 89 - Accuracy: 0.8184579439252336 - F1-score 0.8129585155080663
Epoch 90 - avg_train_loss: 0.0142  avg_val_loss: 1.2874  time: 156s
Epoch 90 - Accuracy: 0.8074766355140187 - F1-score 0.8082314226512273
Epoch 91 - avg_train_loss: 0.0150  avg_val_loss: 1.2341  time: 156s
Epoch 91 - Accuracy: 0.8147196261682244 - F1-score 0.8149614526843543
Epoch 92 - avg_train_loss: 0.0149  avg_val_loss: 1.2666  time: 156s
Epoch 92 - Accuracy: 0.8184579439252336 - F1-score 0.8147795990380525
Epoch 93 - avg_train_loss: 0.0087  avg_val_loss: 1.2603  time: 156s
Epoch 93 - Accuracy: 0.8172897196261683 - F1-score 0.8142997195468625
Epoch 94 - avg_train_loss: 0.0147  avg_val_loss: 1.3135  time: 156s
Epoch 94 - Accuracy: 0.819626168224299 - F1-score 0.8142324632625182
Epoch 95 - avg_train_loss: 0.0099  avg_val_loss: 1.3508  time: 156s
Epoch 95 - Accuracy: 0.8219626168224299 - F1-score 0.8163164617488186
Epoch 96 - avg_train_loss: 0.0107  avg_val_loss: 1.2784  time: 156s
Epoch 96 - Accuracy: 0.819626168224299 - F1-score 0.8182956209198508
Epoch 97 - avg_train_loss: 0.0140  avg_val_loss: 1.2242  time: 157s
Epoch 97 - Accuracy: 0.8205607476635514 - F1-score 0.8177667117489028
Epoch 98 - avg_train_loss: 0.0041  avg_val_loss: 1.4643  time: 156s
Epoch 98 - Accuracy: 0.8049065420560748 - F1-score 0.7943296616105534
Epoch 99 - avg_train_loss: 0.0202  avg_val_loss: 1.3950  time: 156s
Epoch 99 - Accuracy: 0.8154205607476636 - F1-score 0.8082680118697285
Epoch 100 - avg_train_loss: 0.0114  avg_val_loss: 1.2124  time: 156s
Epoch 100 - Accuracy: 0.8128504672897197 - F1-score 0.8148508190420871
