Reading data...
Splitting data for training and validation...
train shape:
(17117, 2)
valid shape:
(4280, 2)
train fold:
label
0      870
1     1751
2     1909
3    10526
4     2061
dtype: int64
validation fold:
label
0     217
1     438
2     477
3    2632
4     516
dtype: int64
Model name efficientnet_b3a
Batch size 32
Enabling mixed precision for training...
Epoch 1 - avg_train_loss: 0.5611             avg_val_loss: 0.4754  time: 91s
Epoch 1 - Accuracy: 0.8474299065420561 - F1-score 0.8465325949629608
Epoch 1 - Save Best Accuracy: 0.8474 -                 Save Best F1-score: 0.8465 Model
Epoch 2 - avg_train_loss: 0.3971             avg_val_loss: 0.4840  time: 91s
Epoch 2 - Accuracy: 0.8345794392523365 - F1-score 0.8346514914832915
Epoch 3 - avg_train_loss: 0.3044             avg_val_loss: 0.4685  time: 92s
Epoch 3 - Accuracy: 0.8457943925233645 - F1-score 0.8457537292022121
Epoch 4 - avg_train_loss: 0.2297             avg_val_loss: 0.5710  time: 92s
Epoch 4 - Accuracy: 0.8378504672897197 - F1-score 0.8347283028123653
Epoch 5 - avg_train_loss: 0.1692             avg_val_loss: 0.6286  time: 92s
Epoch 5 - Accuracy: 0.8289719626168224 - F1-score 0.8261747205467679
AFTER TRAINING: Best Accuracy: 0.8474 -                 Best F1-score: 0.8465
