Reading data...
Splitting data for training and validation...
train shape:
(17117, 2)
valid shape:
(4280, 2)
train fold:
label
0      870
1     1751
2     1909
3    10526
4     2061
dtype: int64
validation fold:
label
0     217
1     438
2     477
3    2632
4     516
dtype: int64
Current device: 0
Epoch 1 - avg_train_loss: 0.9662             avg_val_loss: 1.0830  time: 469s
Epoch 1 - Accuracy: 0.5820093457943926 - F1-score 0.578212447699874
Epoch 1 - Save Best Accuracy: 0.5820 -                 Save Best F1-score: 0.5782 Model
Epoch 2 - avg_train_loss: 0.8852             avg_val_loss: 0.8613  time: 482s
Epoch 2 - Accuracy: 0.672196261682243 - F1-score 0.6460626567015141
Epoch 2 - Save Best Accuracy: 0.6722 -                 Save Best F1-score: 0.6461 Model
Epoch 3 - avg_train_loss: 0.7779             avg_val_loss: 0.7547  time: 483s
Epoch 3 - Accuracy: 0.7119158878504673 - F1-score 0.7148796479238981
Epoch 3 - Save Best Accuracy: 0.7119 -                 Save Best F1-score: 0.7149 Model
Epoch 4 - avg_train_loss: 0.7140             avg_val_loss: 0.7430  time: 484s
Epoch 4 - Accuracy: 0.7238317757009346 - F1-score 0.7184611154130826
Epoch 4 - Save Best Accuracy: 0.7238 -                 Save Best F1-score: 0.7185 Model
Epoch 5 - avg_train_loss: 0.6527             avg_val_loss: 0.6322  time: 483s
Epoch 5 - Accuracy: 0.7586448598130842 - F1-score 0.7401645050917897
Epoch 5 - Save Best Accuracy: 0.7586 -                 Save Best F1-score: 0.7402 Model
Epoch 6 - avg_train_loss: 0.6200             avg_val_loss: 0.6638  time: 484s
Epoch 6 - Accuracy: 0.7546728971962616 - F1-score 0.7371182368034743
Epoch 7 - avg_train_loss: 0.5693             avg_val_loss: 0.5857  time: 483s
Epoch 7 - Accuracy: 0.7936915887850468 - F1-score 0.7925960520882906
Epoch 7 - Save Best Accuracy: 0.7937 -                 Save Best F1-score: 0.7926 Model
Epoch 8 - avg_train_loss: 0.5531             avg_val_loss: 0.7265  time: 483s
Epoch 8 - Accuracy: 0.7476635514018691 - F1-score 0.7578633060218235
Epoch 9 - avg_train_loss: 0.5165             avg_val_loss: 0.6202  time: 483s
Epoch 9 - Accuracy: 0.7761682242990654 - F1-score 0.7724390700030789
Epoch 10 - avg_train_loss: 0.4950             avg_val_loss: 0.5866  time: 482s
Epoch 10 - Accuracy: 0.7976635514018692 - F1-score 0.7802128755978729
Epoch 11 - avg_train_loss: 0.4605             avg_val_loss: 0.5404  time: 482s
Epoch 11 - Accuracy: 0.8147196261682244 - F1-score 0.8091110032934765
Epoch 11 - Save Best Accuracy: 0.8147 -                 Save Best F1-score: 0.8091 Model
Epoch 12 - avg_train_loss: 0.4324             avg_val_loss: 0.7450  time: 481s
Epoch 12 - Accuracy: 0.7336448598130841 - F1-score 0.7501756646014839
Epoch 13 - avg_train_loss: 0.4052             avg_val_loss: 0.5946  time: 481s
Epoch 13 - Accuracy: 0.7901869158878505 - F1-score 0.7939960231034525
Epoch 14 - avg_train_loss: 0.3705             avg_val_loss: 0.6537  time: 481s
Epoch 14 - Accuracy: 0.7738317757009345 - F1-score 0.7726303744596177
Epoch 15 - avg_train_loss: 0.3287             avg_val_loss: 0.6139  time: 480s
Epoch 15 - Accuracy: 0.802803738317757 - F1-score 0.7967281324403918
Epoch 16 - avg_train_loss: 0.2959             avg_val_loss: 0.6594  time: 481s
Epoch 16 - Accuracy: 0.7845794392523364 - F1-score 0.7890593244980931
Epoch 17 - avg_train_loss: 0.2737             avg_val_loss: 0.7889  time: 480s
Epoch 17 - Accuracy: 0.7600467289719626 - F1-score 0.7665198889682593
Epoch 18 - avg_train_loss: 0.2487             avg_val_loss: 0.6244  time: 480s
Epoch 18 - Accuracy: 0.8086448598130841 - F1-score 0.8062226008640131
Epoch 19 - avg_train_loss: 0.2216             avg_val_loss: 0.6964  time: 480s
Epoch 19 - Accuracy: 0.7988317757009346 - F1-score 0.7991415591633901
Epoch 20 - avg_train_loss: 0.1902             avg_val_loss: 0.8128  time: 481s
Epoch 20 - Accuracy: 0.7988317757009346 - F1-score 0.7916447252902237
Epoch 21 - avg_train_loss: 0.1612             avg_val_loss: 0.7587  time: 481s
Epoch 21 - Accuracy: 0.7855140186915888 - F1-score 0.7905567830600632
Epoch 22 - avg_train_loss: 0.1460             avg_val_loss: 0.8837  time: 481s
Epoch 22 - Accuracy: 0.780373831775701 - F1-score 0.7821233657770305
Epoch 23 - avg_train_loss: 0.1376             avg_val_loss: 0.8938  time: 481s
Epoch 23 - Accuracy: 0.8002336448598131 - F1-score 0.7930301231817778
Epoch 24 - avg_train_loss: 0.1106             avg_val_loss: 0.9346  time: 481s
Epoch 24 - Accuracy: 0.7960280373831776 - F1-score 0.7895796665884112
Epoch 25 - avg_train_loss: 0.1168             avg_val_loss: 0.9891  time: 480s
Epoch 25 - Accuracy: 0.7658878504672897 - F1-score 0.7687453633505561
Epoch 26 - avg_train_loss: 0.0989             avg_val_loss: 1.0437  time: 480s
Epoch 26 - Accuracy: 0.7927570093457944 - F1-score 0.7823518152333446
Epoch 27 - avg_train_loss: 0.0992             avg_val_loss: 0.9462  time: 482s
Epoch 27 - Accuracy: 0.7894859813084112 - F1-score 0.786873344469122
Epoch 28 - avg_train_loss: 0.0930             avg_val_loss: 0.9368  time: 481s
Epoch 28 - Accuracy: 0.7955607476635514 - F1-score 0.7940665011728187
Epoch 29 - avg_train_loss: 0.0816             avg_val_loss: 1.0332  time: 482s
Epoch 29 - Accuracy: 0.7836448598130841 - F1-score 0.780236098657561
Epoch 30 - avg_train_loss: 0.0878             avg_val_loss: 0.9639  time: 482s
Epoch 30 - Accuracy: 0.7852803738317757 - F1-score 0.786730011383797
Epoch 31 - avg_train_loss: 0.0755             avg_val_loss: 1.0279  time: 483s
Epoch 31 - Accuracy: 0.7883177570093458 - F1-score 0.7885830846024624
Epoch 32 - avg_train_loss: 0.0762             avg_val_loss: 0.9781  time: 484s
Epoch 32 - Accuracy: 0.7873831775700935 - F1-score 0.7888558946639191
Epoch 33 - avg_train_loss: 0.0735             avg_val_loss: 1.0736  time: 485s
Epoch 33 - Accuracy: 0.8016355140186916 - F1-score 0.7951630957640832
Epoch 34 - avg_train_loss: 0.0661             avg_val_loss: 1.0340  time: 484s
Epoch 34 - Accuracy: 0.7782710280373831 - F1-score 0.7812758936118077
Epoch 35 - avg_train_loss: 0.0705             avg_val_loss: 1.2742  time: 484s
Epoch 35 - Accuracy: 0.7605140186915887 - F1-score 0.761915858540357
Epoch 36 - avg_train_loss: 0.0627             avg_val_loss: 1.0640  time: 483s
Epoch 36 - Accuracy: 0.780607476635514 - F1-score 0.7823977912300356
Epoch 37 - avg_train_loss: 0.0594             avg_val_loss: 1.2627  time: 484s
Epoch 37 - Accuracy: 0.7782710280373831 - F1-score 0.7769345924213749
Epoch 38 - avg_train_loss: 0.0700             avg_val_loss: 1.0902  time: 484s
Epoch 38 - Accuracy: 0.7810747663551402 - F1-score 0.7827872773896251
Epoch 39 - avg_train_loss: 0.0568             avg_val_loss: 1.1287  time: 483s
Epoch 39 - Accuracy: 0.7950934579439253 - F1-score 0.7905169456836129
Epoch 40 - avg_train_loss: 0.0657             avg_val_loss: 1.1469  time: 483s
Epoch 40 - Accuracy: 0.7757009345794392 - F1-score 0.7817357325200797
Epoch 41 - avg_train_loss: 0.0508             avg_val_loss: 1.0398  time: 483s
Epoch 41 - Accuracy: 0.7948598130841121 - F1-score 0.7899671497602028
Epoch 42 - avg_train_loss: 0.0575             avg_val_loss: 1.1333  time: 483s
Epoch 42 - Accuracy: 0.7955607476635514 - F1-score 0.7905626490859778
Epoch 43 - avg_train_loss: 0.0481             avg_val_loss: 1.2710  time: 482s
Epoch 43 - Accuracy: 0.7404205607476636 - F1-score 0.7468194140575011
Epoch 44 - avg_train_loss: 0.0533             avg_val_loss: 1.1983  time: 482s
Epoch 44 - Accuracy: 0.7978971962616822 - F1-score 0.7960316561586092
Epoch 45 - avg_train_loss: 0.0575             avg_val_loss: 1.0227  time: 482s
Epoch 45 - Accuracy: 0.7899532710280374 - F1-score 0.7881684373149235
Epoch 46 - avg_train_loss: 0.0426             avg_val_loss: 1.0183  time: 483s
Epoch 46 - Accuracy: 0.8009345794392523 - F1-score 0.8016578110068165
Epoch 47 - avg_train_loss: 0.0466             avg_val_loss: 1.2015  time: 483s
Epoch 47 - Accuracy: 0.7672897196261682 - F1-score 0.7689065948512976
Epoch 48 - avg_train_loss: 0.0492             avg_val_loss: 1.2817  time: 482s
Epoch 48 - Accuracy: 0.8042056074766355 - F1-score 0.7904518353518802
Epoch 49 - avg_train_loss: 0.0425             avg_val_loss: 1.2053  time: 482s
Epoch 49 - Accuracy: 0.7698598130841121 - F1-score 0.7746891241115913
Epoch 50 - avg_train_loss: 0.0504             avg_val_loss: 1.1686  time: 482s
Epoch 50 - Accuracy: 0.7873831775700935 - F1-score 0.7826836891664809
AFTER TRAINING: Best Accuracy: 0.8147 -                 Best F1-score: 0.8091
