Reading data...
Splitting data for training and validation...
train shape:
(17117, 2)
valid shape:
(4280, 2)
train fold:
label
0      870
1     1751
2     1909
3    10526
4     2061
dtype: int64
validation fold:
label
0     217
1     438
2     477
3    2632
4     516
dtype: int64
Epoch 1 - avg_train_loss: 0.8790             avg_val_loss: 1.0470  time: 169s
Epoch 1 - Accuracy: 0.6007009345794393 - F1-score 0.622028099137148
Epoch 1 - Save Best Accuracy: 0.6007 -                 Save Best F1-score: 0.6220 Model
Epoch 2 - avg_train_loss: 0.6893             avg_val_loss: 1.1746  time: 174s
Epoch 2 - Accuracy: 0.5649532710280374 - F1-score 0.6052327717725968
Epoch 3 - avg_train_loss: 0.6307             avg_val_loss: 0.6882  time: 175s
Epoch 3 - Accuracy: 0.7602803738317757 - F1-score 0.735973249022617
Epoch 3 - Save Best Accuracy: 0.7603 -                 Save Best F1-score: 0.7360 Model
Epoch 4 - avg_train_loss: 0.5977             avg_val_loss: 0.7371  time: 175s
Epoch 4 - Accuracy: 0.735981308411215 - F1-score 0.7335322299023346
Epoch 5 - avg_train_loss: 0.5553             avg_val_loss: 0.7866  time: 176s
Epoch 5 - Accuracy: 0.7137850467289719 - F1-score 0.7336200457932398
Epoch 6 - avg_train_loss: 0.5068             avg_val_loss: 0.5756  time: 175s
Epoch 6 - Accuracy: 0.7997663551401869 - F1-score 0.7937240180651193
Epoch 6 - Save Best Accuracy: 0.7998 -                 Save Best F1-score: 0.7937 Model
Epoch 7 - avg_train_loss: 0.4708             avg_val_loss: 0.5604  time: 175s
Epoch 7 - Accuracy: 0.8032710280373832 - F1-score 0.803120831204543
Epoch 7 - Save Best Accuracy: 0.8033 -                 Save Best F1-score: 0.8031 Model
Epoch 8 - avg_train_loss: 0.4298             avg_val_loss: 0.8806  time: 175s
Epoch 8 - Accuracy: 0.6922897196261683 - F1-score 0.7108219188239083
Epoch 9 - avg_train_loss: 0.3985             avg_val_loss: 0.7260  time: 175s
Epoch 9 - Accuracy: 0.7544392523364486 - F1-score 0.7664928127200676
Epoch 10 - avg_train_loss: 0.3325             avg_val_loss: 0.7374  time: 175s
Epoch 10 - Accuracy: 0.7869158878504673 - F1-score 0.7733839575552888
Epoch 11 - avg_train_loss: 0.2706             avg_val_loss: 0.6748  time: 175s
Epoch 11 - Accuracy: 0.7841121495327102 - F1-score 0.7862254887774596
Epoch 12 - avg_train_loss: 0.2363             avg_val_loss: 0.7633  time: 174s
Epoch 12 - Accuracy: 0.7831775700934579 - F1-score 0.783037691613315
Epoch 13 - avg_train_loss: 0.1952             avg_val_loss: 0.8978  time: 175s
Epoch 13 - Accuracy: 0.7427570093457944 - F1-score 0.7556652400015172
Epoch 14 - avg_train_loss: 0.1564             avg_val_loss: 0.9310  time: 175s
Epoch 14 - Accuracy: 0.7588785046728972 - F1-score 0.7654643028990595
Epoch 15 - avg_train_loss: 0.1183             avg_val_loss: 0.9177  time: 175s
Epoch 15 - Accuracy: 0.763785046728972 - F1-score 0.7702043086778761
Epoch 16 - avg_train_loss: 0.1194             avg_val_loss: 1.0550  time: 200s
Epoch 16 - Accuracy: 0.7766355140186916 - F1-score 0.7674734867084799
Epoch 17 - avg_train_loss: 0.1010             avg_val_loss: 1.4331  time: 201s
Epoch 17 - Accuracy: 0.6927570093457944 - F1-score 0.7093784279558629
Epoch 18 - avg_train_loss: 0.1037             avg_val_loss: 1.1043  time: 202s
Epoch 18 - Accuracy: 0.7609813084112149 - F1-score 0.7671156803875095
Epoch 19 - avg_train_loss: 0.0812             avg_val_loss: 1.0371  time: 201s
Epoch 19 - Accuracy: 0.7764018691588785 - F1-score 0.7773309910415644
Epoch 20 - avg_train_loss: 0.0784             avg_val_loss: 1.1882  time: 201s
Epoch 20 - Accuracy: 0.7670560747663552 - F1-score 0.7517418722998147
Epoch 21 - avg_train_loss: 0.1015             avg_val_loss: 1.3268  time: 201s
Epoch 21 - Accuracy: 0.7558411214953271 - F1-score 0.7553699633819766
Epoch 22 - avg_train_loss: 0.0726             avg_val_loss: 1.0857  time: 201s
Epoch 22 - Accuracy: 0.7908878504672897 - F1-score 0.7896714975232731
Epoch 23 - avg_train_loss: 0.0607             avg_val_loss: 1.1504  time: 201s
Epoch 23 - Accuracy: 0.7843457943925234 - F1-score 0.7897486469972188
Epoch 24 - avg_train_loss: 0.0641             avg_val_loss: 1.1741  time: 201s
Epoch 24 - Accuracy: 0.7822429906542057 - F1-score 0.7737503732401726
Epoch 25 - avg_train_loss: 0.0673             avg_val_loss: 1.2880  time: 201s
Epoch 25 - Accuracy: 0.7707943925233645 - F1-score 0.7659951753804393
Epoch 26 - avg_train_loss: 0.0536             avg_val_loss: 1.2494  time: 201s
Epoch 26 - Accuracy: 0.7724299065420561 - F1-score 0.7749875839221063
Epoch 27 - avg_train_loss: 0.0559             avg_val_loss: 1.3586  time: 201s
Epoch 27 - Accuracy: 0.7775700934579439 - F1-score 0.763303903641338
Epoch 28 - avg_train_loss: 0.0596             avg_val_loss: 1.3274  time: 201s
Epoch 28 - Accuracy: 0.7210280373831776 - F1-score 0.7311311659333947
Epoch 29 - avg_train_loss: 0.0609             avg_val_loss: 1.4185  time: 201s
Epoch 29 - Accuracy: 0.7537383177570094 - F1-score 0.74542997115637
Epoch 30 - avg_train_loss: 0.0519             avg_val_loss: 1.2100  time: 201s
Epoch 30 - Accuracy: 0.7869158878504673 - F1-score 0.7792015268327137
Epoch 31 - avg_train_loss: 0.0465             avg_val_loss: 1.1172  time: 201s
Epoch 31 - Accuracy: 0.783411214953271 - F1-score 0.7831957825475423
Epoch 32 - avg_train_loss: 0.0498             avg_val_loss: 1.2136  time: 201s
Epoch 32 - Accuracy: 0.7850467289719626 - F1-score 0.7804523314320496
Epoch 33 - avg_train_loss: 0.0525             avg_val_loss: 1.4215  time: 201s
Epoch 33 - Accuracy: 0.7829439252336449 - F1-score 0.7677567114048677
Epoch 34 - avg_train_loss: 0.0438             avg_val_loss: 1.2925  time: 201s
Epoch 34 - Accuracy: 0.7892523364485982 - F1-score 0.7781970395500123
Epoch 35 - avg_train_loss: 0.0486             avg_val_loss: 1.2520  time: 201s
Epoch 35 - Accuracy: 0.7675233644859814 - F1-score 0.7653857645995119
Epoch 36 - avg_train_loss: 0.0428             avg_val_loss: 1.4891  time: 201s
Epoch 36 - Accuracy: 0.7731308411214953 - F1-score 0.7549572811253743
Epoch 37 - avg_train_loss: 0.0440             avg_val_loss: 1.3220  time: 201s
Epoch 37 - Accuracy: 0.780607476635514 - F1-score 0.7695735522471605
Epoch 38 - avg_train_loss: 0.0547             avg_val_loss: 1.2010  time: 201s
Epoch 38 - Accuracy: 0.7894859813084112 - F1-score 0.7842937450867455
Epoch 39 - avg_train_loss: 0.0430             avg_val_loss: 1.4605  time: 201s
Epoch 39 - Accuracy: 0.7787383177570093 - F1-score 0.764603664572272
Epoch 40 - avg_train_loss: 0.0328             avg_val_loss: 1.4334  time: 201s
Epoch 40 - Accuracy: 0.7876168224299065 - F1-score 0.7763919369892301
Epoch 41 - avg_train_loss: 0.0595             avg_val_loss: 1.2384  time: 201s
Epoch 41 - Accuracy: 0.7731308411214953 - F1-score 0.7691065708688932
Epoch 42 - avg_train_loss: 0.0276             avg_val_loss: 1.3038  time: 201s
Epoch 42 - Accuracy: 0.7862149532710281 - F1-score 0.7802875520893897
Epoch 43 - avg_train_loss: 0.0462             avg_val_loss: 1.2666  time: 201s
Epoch 43 - Accuracy: 0.775233644859813 - F1-score 0.7729530187552128
Epoch 44 - avg_train_loss: 0.0347             avg_val_loss: 1.2831  time: 201s
Epoch 44 - Accuracy: 0.7567757009345795 - F1-score 0.7596537574292371
Epoch 45 - avg_train_loss: 0.0405             avg_val_loss: 1.4742  time: 202s
Epoch 45 - Accuracy: 0.7845794392523364 - F1-score 0.7692263984778515
Epoch 46 - avg_train_loss: 0.0270             avg_val_loss: 1.4965  time: 201s
Epoch 46 - Accuracy: 0.7747663551401869 - F1-score 0.7605831119756935
Epoch 47 - avg_train_loss: 0.0317             avg_val_loss: 1.4261  time: 201s
Epoch 47 - Accuracy: 0.7855140186915888 - F1-score 0.7784715158289874
Epoch 48 - avg_train_loss: 0.0377             avg_val_loss: 1.4486  time: 201s
Epoch 48 - Accuracy: 0.7785046728971963 - F1-score 0.7742136981744516
Epoch 49 - avg_train_loss: 0.0338             avg_val_loss: 1.4144  time: 202s
Epoch 49 - Accuracy: 0.7787383177570093 - F1-score 0.7772160059708622
Epoch 50 - avg_train_loss: 0.0340             avg_val_loss: 1.8949  time: 201s
Epoch 50 - Accuracy: 0.708411214953271 - F1-score 0.7163400264702048
AFTER TRAINING: Best Accuracy: 0.8033 -                 Best F1-score: 0.8031
